<?xml version="1.0" encoding="UTF-8"?>
<!-- Generated by org.testng.reporters.JUnitReportReporter -->
<testsuite hostname="MSI" failures="0" tests="1" name="Bikes.BajajTest" time="18.347" errors="0" timestamp="2025-07-03T12:16:23 IST" skipped="0">
  <testcase classname="Bikes.BajajTest" name="launch" time="18.347">
    <system-out>
      <![CDATA[Bajaj launched]]>
    </system-out>
  </testcase> <!-- launch -->
  <system-out>
    <![CDATA[Bajaj launched]]>
  </system-out>
</testsuite> <!-- Bikes.BajajTest -->
