<?xml version="1.0" encoding="UTF-8"?>
<!-- Generated by org.testng.reporters.JUnitReportReporter -->
<testsuite hostname="MSI" failures="0" tests="1" name="ExtentReports.ToLearnExtentReports" time="0.374" errors="0" timestamp="2025-06-23T14:07:01 IST" skipped="0">
  <testcase classname="ExtentReports.ToLearnExtentReports" name="CreateReport" time="0.374"/>
</testsuite> <!-- ExtentReports.ToLearnExtentReports -->
