<?xml version="1.0" encoding="UTF-8"?>
<!-- Generated by org.testng.reporters.JUnitReportReporter -->
<testsuite hostname="MSI" failures="0" tests="1" name="ExtentReports.AddScreenshotIntoReport" time="5.691" errors="0" timestamp="2025-06-23T13:56:32 IST" skipped="0">
  <testcase classname="ExtentReports.AddScreenshotIntoReport" name="addScreenShot" time="5.691"/>
</testsuite> <!-- ExtentReports.AddScreenshotIntoReport -->
