<?xml version="1.0" encoding="UTF-8"?>
<!-- Generated by org.testng.reporters.JUnitReportReporter -->
<testsuite hostname="MSI" failures="0" tests="1" name="ExtentReports.AssignmentJune23" time="9.259" errors="0" timestamp="2025-06-23T21:16:18 IST" skipped="0">
  <testcase classname="ExtentReports.AssignmentJune23" name="loginScreenShot" time="9.259"/>
</testsuite> <!-- ExtentReports.AssignmentJune23 -->
