<?xml version="1.0" encoding="UTF-8"?>
<!-- Generated by org.testng.reporters.JUnitReportReporter -->
<testsuite hostname="MSI" failures="0" tests="1" name="Bikes.kawasakiTest" time="4.864" errors="0" timestamp="2025-06-21T13:24:01 IST" skipped="0">
  <testcase classname="Bikes.kawasakiTest" name="launch" time="4.864">
    <system-out>
      <![CDATA[Bajaj launched]]>
    </system-out>
  </testcase> <!-- launch -->
  <system-out>
    <![CDATA[Bajaj launched
Bajaj launched
Royalenfield launched
Audi car Excecuted
BMW Car Executed
Ferrari Car Executed
Lamborghini Car Executed
sampleTest Class executed]]>
  </system-out>
</testsuite> <!-- Bikes.kawasakiTest -->
