<?xml version="1.0" encoding="UTF-8"?>
<!-- Generated by org.testng.reporters.JUnitReportReporter -->
<testsuite hostname="MSI" failures="0" tests="1" name="Cars.LamborghiniCarTest" time="7.035" errors="0" timestamp="2025-06-21T13:24:02 IST" skipped="0">
  <testcase classname="Cars.LamborghiniCarTest" name="LamborghiniCarLaunch" time="7.035">
    <system-out>
      <![CDATA[Lamborghini Car Executed]]>
    </system-out>
  </testcase> <!-- LamborghiniCarLaunch -->
  <system-out>
    <![CDATA[Bajaj launched
Bajaj launched
Royalenfield launched
Audi car Excecuted
BMW Car Executed
Ferrari Car Executed
Lamborghini Car Executed
sampleTest Class executed]]>
  </system-out>
</testsuite> <!-- Cars.LamborghiniCarTest -->
